This file contains any messages produced by compilers while
running configure, to aid debugging if configure makes a mistake.

It was created by ietf-tls-client@2017-10-30 configure 1.0, which was
generated by GNU Autoconf 2.69.  Invocation command line was

  $ ./configure 

## --------- ##
## Platform. ##
## --------- ##

hostname = host2
uname -m = x86_64
uname -r = 4.4.0-87-generic
uname -s = Linux
uname -v = #110-Ubuntu SMP Tue Jul 18 12:55:35 UTC 2017

/usr/bin/uname -p = unknown
/bin/uname -X     = unknown

/bin/arch              = unknown
/usr/bin/arch -k       = unknown
/usr/convex/getsysinfo = unknown
/usr/bin/hostinfo      = unknown
/bin/machine           = unknown
/usr/bin/oslevel       = unknown
/bin/universe          = unknown

PATH: /usr/local/sbin
PATH: /usr/local/bin
PATH: /usr/sbin
PATH: /usr/bin
PATH: /sbin
PATH: /bin
PATH: /snap/bin


## ----------- ##
## Core tests. ##
## ----------- ##

configure:2304: checking for gcc
configure:2320: found /usr/bin/gcc
configure:2331: result: gcc
configure:2560: checking for C compiler version
configure:2569: gcc --version >&5
gcc (Ubuntu 5.4.0-6ubuntu1~16.04.9) 5.4.0 20160609
Copyright (C) 2015 Free Software Foundation, Inc.
This is free software; see the source for copying conditions.  There is NO
warranty; not even for MERCHANTABILITY or FITNESS FOR A PARTICULAR PURPOSE.

configure:2580: $? = 0
configure:2569: gcc -v >&5
Using built-in specs.
COLLECT_GCC=gcc
COLLECT_LTO_WRAPPER=/usr/lib/gcc/x86_64-linux-gnu/5/lto-wrapper
Target: x86_64-linux-gnu
Configured with: ../src/configure -v --with-pkgversion='Ubuntu 5.4.0-6ubuntu1~16.04.9' --with-bugurl=file:///usr/share/doc/gcc-5/README.Bugs --enable-languages=c,ada,c++,java,go,d,fortran,objc,obj-c++ --prefix=/usr --program-suffix=-5 --enable-shared --enable-linker-build-id --libexecdir=/usr/lib --without-included-gettext --enable-threads=posix --libdir=/usr/lib --enable-nls --with-sysroot=/ --enable-clocale=gnu --enable-libstdcxx-debug --enable-libstdcxx-time=yes --with-default-libstdcxx-abi=new --enable-gnu-unique-object --disable-vtable-verify --enable-libmpx --enable-plugin --with-system-zlib --disable-browser-plugin --enable-java-awt=gtk --enable-gtk-cairo --with-java-home=/usr/lib/jvm/java-1.5.0-gcj-5-amd64/jre --enable-java-home --with-jvm-root-dir=/usr/lib/jvm/java-1.5.0-gcj-5-amd64 --with-jvm-jar-dir=/usr/lib/jvm-exports/java-1.5.0-gcj-5-amd64 --with-arch-directory=amd64 --with-ecj-jar=/usr/share/java/eclipse-ecj.jar --enable-objc-gc --enable-multiarch --disable-werror --with-arch-32=i686 --with-abi=m64 --with-multilib-list=m32,m64,mx32 --enable-multilib --with-tune=generic --enable-checking=release --build=x86_64-linux-gnu --host=x86_64-linux-gnu --target=x86_64-linux-gnu
Thread model: posix
gcc version 5.4.0 20160609 (Ubuntu 5.4.0-6ubuntu1~16.04.9) 
configure:2580: $? = 0
configure:2569: gcc -V >&5
gcc: error: unrecognized command line option '-V'
gcc: fatal error: no input files
compilation terminated.
configure:2580: $? = 1
configure:2569: gcc -qversion >&5
gcc: error: unrecognized command line option '-qversion'
gcc: fatal error: no input files
compilation terminated.
configure:2580: $? = 1
configure:2600: checking whether the C compiler works
configure:2622: gcc  -O3   conftest.c  >&5
configure:2626: $? = 0
configure:2674: result: yes
configure:2677: checking for C compiler default output file name
configure:2679: result: a.out
configure:2685: checking for suffix of executables
configure:2692: gcc -o conftest  -O3   conftest.c  >&5
configure:2696: $? = 0
configure:2718: result: 
configure:2740: checking whether we are cross compiling
configure:2748: gcc -o conftest  -O3   conftest.c  >&5
configure:2752: $? = 0
configure:2759: ./conftest
configure:2763: $? = 0
configure:2778: result: no
configure:2783: checking for suffix of object files
configure:2805: gcc -c  -O3  conftest.c >&5
configure:2809: $? = 0
configure:2830: result: o
configure:2834: checking whether we are using the GNU C compiler
configure:2853: gcc -c  -O3  conftest.c >&5
configure:2853: $? = 0
configure:2862: result: yes
configure:2871: checking whether gcc accepts -g
configure:2891: gcc -c -g  conftest.c >&5
configure:2891: $? = 0
configure:2932: result: yes
configure:2949: checking for gcc option to accept ISO C89
configure:3012: gcc  -c  -O3  conftest.c >&5
configure:3012: $? = 0
configure:3025: result: none needed
configure:3088: checking for a BSD-compatible install
configure:3156: result: /usr/bin/install -c
configure:3198: checking build system type
configure:3212: result: x86_64-unknown-linux-gnu
configure:3232: checking host system type
configure:3245: result: x86_64-unknown-linux-gnu
configure:3286: checking how to print strings
configure:3313: result: printf
configure:3334: checking for a sed that does not truncate output
configure:3398: result: /bin/sed
configure:3416: checking for grep that handles long lines and -e
configure:3474: result: /bin/grep
configure:3479: checking for egrep
configure:3541: result: /bin/grep -E
configure:3546: checking for fgrep
configure:3608: result: /bin/grep -F
configure:3643: checking for ld used by gcc
configure:3710: result: /usr/bin/ld
configure:3717: checking if the linker (/usr/bin/ld) is GNU ld
configure:3732: result: yes
configure:3744: checking for BSD- or MS-compatible name lister (nm)
configure:3798: result: /usr/bin/nm -B
configure:3928: checking the name lister (/usr/bin/nm -B) interface
configure:3935: gcc -c  -O3  conftest.c >&5
configure:3938: /usr/bin/nm -B "conftest.o"
configure:3941: output
0000000000000000 B some_variable
configure:3948: result: BSD nm
configure:3951: checking whether ln -s works
configure:3955: result: yes
configure:3963: checking the maximum length of command line arguments
configure:4094: result: 1572864
configure:4142: checking how to convert x86_64-unknown-linux-gnu file names to x86_64-unknown-linux-gnu format
configure:4182: result: func_convert_file_noop
configure:4189: checking how to convert x86_64-unknown-linux-gnu file names to toolchain format
configure:4209: result: func_convert_file_noop
configure:4216: checking for /usr/bin/ld option to reload object files
configure:4223: result: -r
configure:4297: checking for objdump
configure:4313: found /usr/bin/objdump
configure:4324: result: objdump
configure:4356: checking how to recognize dependent libraries
configure:4556: result: pass_all
configure:4641: checking for dlltool
configure:4671: result: no
configure:4701: checking how to associate runtime and link libraries
configure:4728: result: printf %s\n
configure:4789: checking for ar
configure:4805: found /usr/bin/ar
configure:4816: result: ar
configure:4853: checking for archiver @FILE support
configure:4870: gcc -c  -O3  conftest.c >&5
configure:4870: $? = 0
configure:4873: ar cru libconftest.a @conftest.lst >&5
ar: `u' modifier ignored since `D' is the default (see `U')
configure:4876: $? = 0
configure:4881: ar cru libconftest.a @conftest.lst >&5
ar: `u' modifier ignored since `D' is the default (see `U')
ar: conftest.o: No such file or directory
configure:4884: $? = 1
configure:4896: result: @
configure:4954: checking for strip
configure:4970: found /usr/bin/strip
configure:4981: result: strip
configure:5053: checking for ranlib
configure:5069: found /usr/bin/ranlib
configure:5080: result: ranlib
configure:5157: checking for gawk
configure:5187: result: no
configure:5157: checking for mawk
configure:5173: found /usr/bin/mawk
configure:5184: result: mawk
configure:5224: checking command to parse /usr/bin/nm -B output from gcc object
configure:5377: gcc -c  -O3  conftest.c >&5
configure:5380: $? = 0
configure:5384: /usr/bin/nm -B conftest.o \| sed -n -e 's/^.*[ ]\([ABCDGIRSTW][ABCDGIRSTW]*\)[ ][ ]*\([_A-Za-z][_A-Za-z0-9]*\)$/\1 \2 \2/p' | sed '/ __gnu_lto/d' \> conftest.nm
configure:5387: $? = 0
configure:5453: gcc -o conftest  -O3   conftest.c conftstm.o >&5
configure:5456: $? = 0
configure:5494: result: ok
configure:5541: checking for sysroot
configure:5571: result: no
configure:5578: checking for a working dd
configure:5616: result: /bin/dd
configure:5620: checking how to truncate binary pipes
configure:5635: result: /bin/dd bs=4096 count=1
configure:5771: gcc -c  -O3  conftest.c >&5
configure:5774: $? = 0
configure:5964: checking for mt
configure:5980: found /bin/mt
configure:5991: result: mt
configure:6014: checking if mt is a manifest tool
configure:6020: mt '-?'
configure:6028: result: no
configure:6705: checking how to run the C preprocessor
configure:6736: gcc -E  conftest.c
configure:6736: $? = 0
configure:6750: gcc -E  conftest.c
conftest.c:9:28: fatal error: ac_nonexistent.h: No such file or directory
compilation terminated.
configure:6750: $? = 1
configure: failed program was:
| /* confdefs.h */
| #define PACKAGE_NAME "ietf-tls-client@2017-10-30"
| #define PACKAGE_TARNAME "ietf-tls-client-2017-10-30"
| #define PACKAGE_VERSION "1.0"
| #define PACKAGE_STRING "ietf-tls-client@2017-10-30 1.0"
| #define PACKAGE_BUGREPORT "BUG-REPORT-ADDRESS"
| #define PACKAGE_URL ""
| /* end confdefs.h.  */
| #include <ac_nonexistent.h>
configure:6775: result: gcc -E
configure:6795: gcc -E  conftest.c
configure:6795: $? = 0
configure:6809: gcc -E  conftest.c
conftest.c:9:28: fatal error: ac_nonexistent.h: No such file or directory
compilation terminated.
configure:6809: $? = 1
configure: failed program was:
| /* confdefs.h */
| #define PACKAGE_NAME "ietf-tls-client@2017-10-30"
| #define PACKAGE_TARNAME "ietf-tls-client-2017-10-30"
| #define PACKAGE_VERSION "1.0"
| #define PACKAGE_STRING "ietf-tls-client@2017-10-30 1.0"
| #define PACKAGE_BUGREPORT "BUG-REPORT-ADDRESS"
| #define PACKAGE_URL ""
| /* end confdefs.h.  */
| #include <ac_nonexistent.h>
configure:6838: checking for ANSI C header files
configure:6858: gcc -c  -O3  conftest.c >&5
configure:6858: $? = 0
configure:6931: gcc -o conftest  -O3   conftest.c  >&5
configure:6931: $? = 0
configure:6931: ./conftest
configure:6931: $? = 0
configure:6942: result: yes
configure:6955: checking for sys/types.h
configure:6955: gcc -c  -O3  conftest.c >&5
configure:6955: $? = 0
configure:6955: result: yes
configure:6955: checking for sys/stat.h
configure:6955: gcc -c  -O3  conftest.c >&5
configure:6955: $? = 0
configure:6955: result: yes
configure:6955: checking for stdlib.h
configure:6955: gcc -c  -O3  conftest.c >&5
configure:6955: $? = 0
configure:6955: result: yes
configure:6955: checking for string.h
configure:6955: gcc -c  -O3  conftest.c >&5
configure:6955: $? = 0
configure:6955: result: yes
configure:6955: checking for memory.h
configure:6955: gcc -c  -O3  conftest.c >&5
configure:6955: $? = 0
configure:6955: result: yes
configure:6955: checking for strings.h
configure:6955: gcc -c  -O3  conftest.c >&5
configure:6955: $? = 0
configure:6955: result: yes
configure:6955: checking for inttypes.h
configure:6955: gcc -c  -O3  conftest.c >&5
configure:6955: $? = 0
configure:6955: result: yes
configure:6955: checking for stdint.h
configure:6955: gcc -c  -O3  conftest.c >&5
configure:6955: $? = 0
configure:6955: result: yes
configure:6955: checking for unistd.h
configure:6955: gcc -c  -O3  conftest.c >&5
configure:6955: $? = 0
configure:6955: result: yes
configure:6969: checking for dlfcn.h
configure:6969: gcc -c  -O3  conftest.c >&5
configure:6969: $? = 0
configure:6969: result: yes
configure:7225: checking for objdir
configure:7240: result: .libs
configure:7500: checking if gcc supports -fno-rtti -fno-exceptions
configure:7518: gcc -c  -O3  -fno-rtti -fno-exceptions conftest.c >&5
cc1: warning: command line option '-fno-rtti' is valid for C++/ObjC++ but not for C
configure:7522: $? = 0
configure:7535: result: no
configure:7893: checking for gcc option to produce PIC
configure:7900: result: -fPIC -DPIC
configure:7908: checking if gcc PIC flag -fPIC -DPIC works
configure:7926: gcc -c  -O3  -fPIC -DPIC -DPIC conftest.c >&5
configure:7930: $? = 0
configure:7943: result: yes
configure:7972: checking if gcc static flag -static works
configure:8000: result: yes
configure:8015: checking if gcc supports -c -o file.o
configure:8036: gcc -c  -O3  -o out/conftest2.o conftest.c >&5
configure:8040: $? = 0
configure:8062: result: yes
configure:8070: checking if gcc supports -c -o file.o
configure:8117: result: yes
configure:8150: checking whether the gcc linker (/usr/bin/ld -m elf_x86_64) supports shared libraries
configure:9413: result: yes
configure:9450: checking whether -lc should be explicitly linked in
configure:9458: gcc -c  -O3  conftest.c >&5
configure:9461: $? = 0
configure:9476: gcc -shared  -fPIC -DPIC conftest.o  -v -Wl,-soname -Wl,conftest -o conftest 2\>\&1 \| /bin/grep  -lc  \>/dev/null 2\>\&1
configure:9479: $? = 0
configure:9493: result: no
configure:9653: checking dynamic linker characteristics
configure:10234: gcc -o conftest  -O3   -Wl,-rpath -Wl,/foo conftest.c  >&5
configure:10234: $? = 0
configure:10483: result: GNU/Linux ld.so
configure:10605: checking how to hardcode library paths into programs
configure:10630: result: immediate
configure:11178: checking whether stripping libraries is possible
configure:11183: result: yes
configure:11218: checking if libtool supports shared libraries
configure:11220: result: yes
configure:11223: checking whether to build shared libraries
configure:11248: result: yes
configure:11251: checking whether to build static libraries
configure:11255: result: yes
configure:11299: checking for library containing ncds_apply_rpc2all
configure:11330: gcc -o conftest  -O3   conftest.c  >&5
/tmp/ccQOamNJ.o: In function `main':
conftest.c:(.text.startup+0x7): undefined reference to `ncds_apply_rpc2all'
collect2: error: ld returned 1 exit status
configure:11330: $? = 1
configure: failed program was:
| /* confdefs.h */
| #define PACKAGE_NAME "ietf-tls-client@2017-10-30"
| #define PACKAGE_TARNAME "ietf-tls-client-2017-10-30"
| #define PACKAGE_VERSION "1.0"
| #define PACKAGE_STRING "ietf-tls-client@2017-10-30 1.0"
| #define PACKAGE_BUGREPORT "BUG-REPORT-ADDRESS"
| #define PACKAGE_URL ""
| #define STDC_HEADERS 1
| #define HAVE_SYS_TYPES_H 1
| #define HAVE_SYS_STAT_H 1
| #define HAVE_STDLIB_H 1
| #define HAVE_STRING_H 1
| #define HAVE_MEMORY_H 1
| #define HAVE_STRINGS_H 1
| #define HAVE_INTTYPES_H 1
| #define HAVE_STDINT_H 1
| #define HAVE_UNISTD_H 1
| #define HAVE_DLFCN_H 1
| #define LT_OBJDIR ".libs/"
| /* end confdefs.h.  */
| 
| /* Override any GCC internal prototype to avoid an error.
|    Use char because int might match the return type of a GCC
|    builtin and then its argument prototype would still apply.  */
| #ifdef __cplusplus
| extern "C"
| #endif
| char ncds_apply_rpc2all ();
| int
| main ()
| {
| return ncds_apply_rpc2all ();
|   ;
|   return 0;
| }
configure:11330: gcc -o conftest  -O3   conftest.c -lnetconf   >&5
configure:11330: $? = 0
configure:11347: result: -lnetconf
configure:11362: checking for xml2-config
configure:11378: found /usr/bin/xml2-config
configure:11390: result: yes
configure:11401: checking for main in -lxml2
configure:11420: gcc -o conftest  -O3   conftest.c -lxml2  -lnetconf  >&5
configure:11420: $? = 0
configure:11429: result: yes
configure:11443: checking for stdlib.h
configure:11443: result: yes
configure:11443: checking libnetconf.h usability
configure:11443: gcc -c -I/usr/include/libxml2  -O3  conftest.c >&5
configure:11443: $? = 0
configure:11443: result: yes
configure:11443: checking libnetconf.h presence
configure:11443: gcc -E  conftest.c
configure:11443: $? = 0
configure:11443: result: yes
configure:11443: checking for libnetconf.h
configure:11443: result: yes
configure:11612: creating ./config.status

## ---------------------- ##
## Running config.status. ##
## ---------------------- ##

This file was extended by ietf-tls-client@2017-10-30 config.status 1.0, which was
generated by GNU Autoconf 2.69.  Invocation command line was

  CONFIG_FILES    = 
  CONFIG_HEADERS  = 
  CONFIG_LINKS    = 
  CONFIG_COMMANDS = 
  $ ./config.status 

on host2

config.status:973: creating Makefile
config.status:1139: executing libtool commands

## ---------------- ##
## Cache variables. ##
## ---------------- ##

ac_cv_build=x86_64-unknown-linux-gnu
ac_cv_c_compiler_gnu=yes
ac_cv_env_CC_set=
ac_cv_env_CC_value=
ac_cv_env_CFLAGS_set=
ac_cv_env_CFLAGS_value=
ac_cv_env_CPPFLAGS_set=
ac_cv_env_CPPFLAGS_value=
ac_cv_env_CPP_set=
ac_cv_env_CPP_value=
ac_cv_env_LDFLAGS_set=
ac_cv_env_LDFLAGS_value=
ac_cv_env_LIBS_set=
ac_cv_env_LIBS_value=
ac_cv_env_LT_SYS_LIBRARY_PATH_set=
ac_cv_env_LT_SYS_LIBRARY_PATH_value=
ac_cv_env_build_alias_set=
ac_cv_env_build_alias_value=
ac_cv_env_host_alias_set=
ac_cv_env_host_alias_value=
ac_cv_env_target_alias_set=
ac_cv_env_target_alias_value=
ac_cv_header_dlfcn_h=yes
ac_cv_header_inttypes_h=yes
ac_cv_header_libnetconf_h=yes
ac_cv_header_memory_h=yes
ac_cv_header_stdc=yes
ac_cv_header_stdint_h=yes
ac_cv_header_stdlib_h=yes
ac_cv_header_string_h=yes
ac_cv_header_strings_h=yes
ac_cv_header_sys_stat_h=yes
ac_cv_header_sys_types_h=yes
ac_cv_header_unistd_h=yes
ac_cv_host=x86_64-unknown-linux-gnu
ac_cv_lib_xml2_main=yes
ac_cv_objext=o
ac_cv_path_EGREP='/bin/grep -E'
ac_cv_path_FGREP='/bin/grep -F'
ac_cv_path_GREP=/bin/grep
ac_cv_path_SED=/bin/sed
ac_cv_path_install='/usr/bin/install -c'
ac_cv_path_lt_DD=/bin/dd
ac_cv_prog_AWK=mawk
ac_cv_prog_CPP='gcc -E'
ac_cv_prog_XML2_CONFIG=yes
ac_cv_prog_ac_ct_AR=ar
ac_cv_prog_ac_ct_CC=gcc
ac_cv_prog_ac_ct_MANIFEST_TOOL=mt
ac_cv_prog_ac_ct_OBJDUMP=objdump
ac_cv_prog_ac_ct_RANLIB=ranlib
ac_cv_prog_ac_ct_STRIP=strip
ac_cv_prog_cc_c89=
ac_cv_prog_cc_g=yes
ac_cv_search_ncds_apply_rpc2all=-lnetconf
lt_cv_ar_at_file=@
lt_cv_archive_cmds_need_lc=no
lt_cv_deplibs_check_method=pass_all
lt_cv_file_magic_cmd='$MAGIC_CMD'
lt_cv_file_magic_test_file=
lt_cv_ld_reload_flag=-r
lt_cv_nm_interface='BSD nm'
lt_cv_objdir=.libs
lt_cv_path_LD=/usr/bin/ld
lt_cv_path_NM='/usr/bin/nm -B'
lt_cv_path_mainfest_tool=no
lt_cv_prog_compiler_c_o=yes
lt_cv_prog_compiler_pic='-fPIC -DPIC'
lt_cv_prog_compiler_pic_works=yes
lt_cv_prog_compiler_rtti_exceptions=no
lt_cv_prog_compiler_static_works=yes
lt_cv_prog_gnu_ld=yes
lt_cv_sharedlib_from_linklib_cmd='printf %s\n'
lt_cv_shlibpath_overrides_runpath=no
lt_cv_sys_global_symbol_pipe='sed -n -e '\''s/^.*[	 ]\([ABCDGIRSTW][ABCDGIRSTW]*\)[	 ][	 ]*\([_A-Za-z][_A-Za-z0-9]*\)$/\1 \2 \2/p'\'' | sed '\''/ __gnu_lto/d'\'''
lt_cv_sys_global_symbol_to_c_name_address='sed -n -e '\''s/^: \(.*\) .*$/  {"\1", (void *) 0},/p'\'' -e '\''s/^[ABCDGIRSTW][ABCDGIRSTW]* .* \(.*\)$/  {"\1", (void *) \&\1},/p'\'''
lt_cv_sys_global_symbol_to_c_name_address_lib_prefix='sed -n -e '\''s/^: \(.*\) .*$/  {"\1", (void *) 0},/p'\'' -e '\''s/^[ABCDGIRSTW][ABCDGIRSTW]* .* \(lib.*\)$/  {"\1", (void *) \&\1},/p'\'' -e '\''s/^[ABCDGIRSTW][ABCDGIRSTW]* .* \(.*\)$/  {"lib\1", (void *) \&\1},/p'\'''
lt_cv_sys_global_symbol_to_cdecl='sed -n -e '\''s/^T .* \(.*\)$/extern int \1();/p'\'' -e '\''s/^[ABCDGIRSTW][ABCDGIRSTW]* .* \(.*\)$/extern char \1;/p'\'''
lt_cv_sys_global_symbol_to_import=
lt_cv_sys_max_cmd_len=1572864
lt_cv_to_host_file_cmd=func_convert_file_noop
lt_cv_to_tool_file_cmd=func_convert_file_noop
lt_cv_truncate_bin='/bin/dd bs=4096 count=1'

## ----------------- ##
## Output variables. ##
## ----------------- ##

AR='ar'
AWK='mawk'
CC='gcc'
CFLAGS='-I/usr/include/libxml2  -O3'
CPP='gcc -E'
CPPFLAGS=''
DEFS='-DPACKAGE_NAME=\"ietf-tls-client@2017-10-30\" -DPACKAGE_TARNAME=\"ietf-tls-client-2017-10-30\" -DPACKAGE_VERSION=\"1.0\" -DPACKAGE_STRING=\"ietf-tls-client@2017-10-30\ 1.0\" -DPACKAGE_BUGREPORT=\"BUG-REPORT-ADDRESS\" -DPACKAGE_URL=\"\" -DSTDC_HEADERS=1 -DHAVE_SYS_TYPES_H=1 -DHAVE_SYS_STAT_H=1 -DHAVE_STDLIB_H=1 -DHAVE_STRING_H=1 -DHAVE_MEMORY_H=1 -DHAVE_STRINGS_H=1 -DHAVE_INTTYPES_H=1 -DHAVE_STDINT_H=1 -DHAVE_UNISTD_H=1 -DHAVE_DLFCN_H=1 -DLT_OBJDIR=\".libs/\" -DHAVE_STDLIB_H=1 -DHAVE_LIBNETCONF_H=1'
DLLTOOL='false'
DSYMUTIL=''
DUMPBIN=''
ECHO_C=''
ECHO_N='-n'
ECHO_T=''
EGREP='/bin/grep -E'
EXEEXT=''
FGREP='/bin/grep -F'
GREP='/bin/grep'
INSTALL_DATA='${INSTALL} -m 644'
INSTALL_PROGRAM='${INSTALL}'
INSTALL_SCRIPT='${INSTALL}'
LD='/usr/bin/ld -m elf_x86_64'
LDFLAGS=''
LIBOBJS=''
LIBS='-lxml2 -lnetconf '
LIBTOOL='$(SHELL) $(top_builddir)/libtool'
LIPO=''
LN_S='ln -s'
LTLIBOBJS=''
LT_SYS_LIBRARY_PATH=''
MANIFEST_TOOL=':'
NM='/usr/bin/nm -B'
NMEDIT=''
OBJDUMP='objdump'
OBJEXT='o'
OTOOL64=''
OTOOL=''
PACKAGE_BUGREPORT='BUG-REPORT-ADDRESS'
PACKAGE_NAME='ietf-tls-client@2017-10-30'
PACKAGE_STRING='ietf-tls-client@2017-10-30 1.0'
PACKAGE_TARNAME='ietf-tls-client-2017-10-30'
PACKAGE_URL=''
PACKAGE_VERSION='1.0'
PATH_SEPARATOR=':'
PROJECTNAME='ietf-tls-client@2017-10-30'
RANLIB='ranlib'
SED='/bin/sed'
SHELL='/bin/bash'
STRIP='strip'
XML2_CONFIG='yes'
ac_ct_AR='ar'
ac_ct_CC='gcc'
ac_ct_DUMPBIN=''
bindir='${exec_prefix}/bin'
build='x86_64-unknown-linux-gnu'
build_alias=''
build_cpu='x86_64'
build_os='linux-gnu'
build_vendor='unknown'
datadir='${datarootdir}'
datarootdir='${prefix}/share'
docdir='${datarootdir}/doc/${PACKAGE_TARNAME}'
dvidir='${docdir}'
exec_prefix='${prefix}'
host='x86_64-unknown-linux-gnu'
host_alias=''
host_cpu='x86_64'
host_os='linux-gnu'
host_vendor='unknown'
htmldir='${docdir}'
includedir='${prefix}/include'
infodir='${datarootdir}/info'
libdir='${exec_prefix}/lib'
libexecdir='${exec_prefix}/libexec'
libtool='./libtool'
localedir='${datarootdir}/locale'
localstatedir='${prefix}/var'
mandir='${datarootdir}/man'
oldincludedir='/usr/include'
pdfdir='${docdir}'
prefix='/usr/local'
program_transform_name='s,x,x,'
psdir='${docdir}'
runstatedir='${localstatedir}/run'
sbindir='${exec_prefix}/sbin'
sharedstatedir='${prefix}/com'
sysconfdir='${prefix}/etc'
target_alias=''

## ----------- ##
## confdefs.h. ##
## ----------- ##

/* confdefs.h */
#define PACKAGE_NAME "ietf-tls-client@2017-10-30"
#define PACKAGE_TARNAME "ietf-tls-client-2017-10-30"
#define PACKAGE_VERSION "1.0"
#define PACKAGE_STRING "ietf-tls-client@2017-10-30 1.0"
#define PACKAGE_BUGREPORT "BUG-REPORT-ADDRESS"
#define PACKAGE_URL ""
#define STDC_HEADERS 1
#define HAVE_SYS_TYPES_H 1
#define HAVE_SYS_STAT_H 1
#define HAVE_STDLIB_H 1
#define HAVE_STRING_H 1
#define HAVE_MEMORY_H 1
#define HAVE_STRINGS_H 1
#define HAVE_INTTYPES_H 1
#define HAVE_STDINT_H 1
#define HAVE_UNISTD_H 1
#define HAVE_DLFCN_H 1
#define LT_OBJDIR ".libs/"
#define HAVE_STDLIB_H 1
#define HAVE_LIBNETCONF_H 1

configure: exit 0
